\BOOKMARK [0][-]{toc.0}{CONTENTS}{}% 1
\BOOKMARK [0][-]{chapter*.3}{LIST OF TABLES}{}% 2
\BOOKMARK [0][-]{chapter*.5}{LIST OF FIGURES}{}% 3
\BOOKMARK [0][-]{section*.6}{ACKNOWLEDGMENT}{}% 4
\BOOKMARK [0][-]{section*.8}{ABSTRACT}{}% 5
\BOOKMARK [0][-]{chapter.1}{INTRODUCTION AND BACKGROUND}{}% 6
\BOOKMARK [1][-]{section.1.1}{Outline}{chapter.1}% 7
\BOOKMARK [1][-]{section.1.2}{Contributions}{chapter.1}% 8
\BOOKMARK [0][-]{chapter.2}{AN AUTOMATED APPROACH FOR PARALLEL ADJOINT-BASED ERROR ESTIMATION AND MESH ADAPTATION FOR STEADY-STATE PROBLEMS}{}% 9
\BOOKMARK [1][-]{section.2.1}{Introduction}{chapter.2}% 10
\BOOKMARK [1][-]{section.2.2}{A Review of Adjoint-Based Error Representations}{chapter.2}% 11
\BOOKMARK [2][-]{subsection.2.2.1}{Galerkin Finite Element Methods}{section.2.2}% 12
\BOOKMARK [2][-]{subsection.2.2.2}{Stabilized Finite Element Methods}{section.2.2}% 13
\BOOKMARK [1][-]{section.2.3}{Software Components}{chapter.2}% 14
\BOOKMARK [2][-]{subsection.2.3.1}{The Primal Problem}{section.2.3}% 15
\BOOKMARK [2][-]{subsection.2.3.2}{The Adjoint Problem}{section.2.3}% 16
\BOOKMARK [2][-]{subsection.2.3.3}{Error Estimation and Localization}{section.2.3}% 17
\BOOKMARK [2][-]{subsection.2.3.4}{Mesh Adaptation}{section.2.3}% 18
\BOOKMARK [2][-]{subsection.2.3.5}{In-Memory Integration of Components}{section.2.3}% 19
\BOOKMARK [1][-]{section.2.4}{Template-Based Generic Programming}{chapter.2}% 20
\BOOKMARK [1][-]{section.2.5}{The Primal Problem}{chapter.2}% 21
\BOOKMARK [2][-]{subsection.2.5.1}{Galerkin Finite Element Methods}{section.2.5}% 22
\BOOKMARK [2][-]{subsection.2.5.2}{Stabilized Finite Element Methods}{section.2.5}% 23
\BOOKMARK [2][-]{subsection.2.5.3}{Automated Solution Based on Residual Implementation}{section.2.5}% 24
\BOOKMARK [1][-]{section.2.6}{The Adjoint Problem}{chapter.2}% 25
\BOOKMARK [2][-]{subsection.2.6.1}{A Richer Space via Uniform Refinement}{section.2.6}% 26
\BOOKMARK [2][-]{subsection.2.6.2}{Discrete Adjoint Approximation}{section.2.6}% 27
\BOOKMARK [2][-]{subsection.2.6.3}{Automated Solution Based on Residual Formulation}{section.2.6}% 28
\BOOKMARK [1][-]{section.2.7}{Error Estimation}{chapter.2}% 29
\BOOKMARK [2][-]{subsection.2.7.1}{Two-Level Error Estimates}{section.2.7}% 30
\BOOKMARK [2][-]{subsection.2.7.2}{Modified Functional Error Estimate}{section.2.7}% 31
\BOOKMARK [2][-]{subsection.2.7.3}{Error Localization for Galerkin Methods}{section.2.7}% 32
\BOOKMARK [2][-]{subsection.2.7.4}{Error Localization for Stabilized Methods}{section.2.7}% 33
\BOOKMARK [2][-]{subsection.2.7.5}{Automated Error Localization Based on Residual Implementation}{section.2.7}% 34
\BOOKMARK [1][-]{section.2.8}{Mesh Adaptation}{chapter.2}% 35
\BOOKMARK [1][-]{section.2.9}{Quantities of Interest}{chapter.2}% 36
\BOOKMARK [2][-]{subsection.2.9.1}{Point-Wise Solution Component}{section.2.9}% 37
\BOOKMARK [2][-]{subsection.2.9.2}{Integrated Solution Over a Sub-Domain}{section.2.9}% 38
\BOOKMARK [2][-]{subsection.2.9.3}{Integrated von-Mises Stress Over a Sub-Domain}{section.2.9}% 39
\BOOKMARK [1][-]{section.2.10}{Results}{chapter.2}% 40
\BOOKMARK [2][-]{subsection.2.10.1}{Poisson's Equation}{section.2.10}% 41
\BOOKMARK [2][-]{subsection.2.10.2}{A Cell Embedded in a Matrix}{section.2.10}% 42
\BOOKMARK [2][-]{subsection.2.10.3}{Elastoplasticity in an Array of Solder Joints}{section.2.10}% 43
\BOOKMARK [1][-]{section.2.11}{Conclusions}{chapter.2}% 44
\BOOKMARK [0][-]{chapter.3}{ADJOINT-BASED ERROR ESTIMATION AND MESH ADAPTATION FOR STABILIZED FINITE DEFORMATION ELASTICITY}{}% 45
\BOOKMARK [1][-]{section.3.1}{Introduction}{chapter.3}% 46
\BOOKMARK [1][-]{section.3.2}{Model Problem}{chapter.3}% 47
\BOOKMARK [2][-]{subsection.3.2.1}{Strong Form}{section.3.2}% 48
\BOOKMARK [2][-]{subsection.3.2.2}{Weak Form}{section.3.2}% 49
\BOOKMARK [2][-]{subsection.3.2.3}{Stabilized Finite Element Formulation}{section.3.2}% 50
\BOOKMARK [2][-]{subsection.3.2.4}{Linearization and Solution Strategy}{section.3.2}% 51
\BOOKMARK [1][-]{section.3.3}{Adjoint-Based Error Estimation}{chapter.3}% 52
\BOOKMARK [2][-]{subsection.3.3.1}{Two-Level Error Estimation}{section.3.3}% 53
\BOOKMARK [2][-]{subsection.3.3.2}{Choice of Fine Space}{section.3.3}% 54
\BOOKMARK [2][-]{subsection.3.3.3}{Modified Functional Error Estimate}{section.3.3}% 55
\BOOKMARK [2][-]{subsection.3.3.4}{Error Localization}{section.3.3}% 56
\BOOKMARK [1][-]{section.3.4}{Mesh Adaptation}{chapter.3}% 57
\BOOKMARK [1][-]{section.3.5}{Results}{chapter.3}% 58
\BOOKMARK [2][-]{subsection.3.5.1}{Cook's Membrane}{section.3.5}% 59
\BOOKMARK [2][-]{subsection.3.5.2}{A Cell Embedded in a Matrix}{section.3.5}% 60
\BOOKMARK [1][-]{section.3.6}{Conclusions}{chapter.3}% 61
\BOOKMARK [0][-]{chapter.4}{A NON-UNIFORM REFINEMENT APPROACH FOR SOLVING ADJOINT PROBLEMS IN FUNCTIONAL ERROR ESTIMATION AND MESH ADAPTATION}{}% 62
\BOOKMARK [1][-]{section.4.1}{Introduction}{chapter.4}% 63
\BOOKMARK [1][-]{section.4.2}{Error Estimation with Two Levels}{chapter.4}% 64
\BOOKMARK [2][-]{subsection.4.2.1}{Error Estimates}{section.4.2}% 65
\BOOKMARK [2][-]{subsection.4.2.2}{A Simple A-Priori Analysis}{section.4.2}% 66
\BOOKMARK [1][-]{section.4.3}{Choices for the Fine Space}{chapter.4}% 67
\BOOKMARK [2][-]{subsection.4.3.1}{Uniform Refinement}{section.4.3}% 68
\BOOKMARK [2][-]{subsection.4.3.2}{Long Edge Refinement}{section.4.3}% 69
\BOOKMARK [2][-]{subsection.4.3.3}{Single Edge Refinement}{section.4.3}% 70
\BOOKMARK [1][-]{section.4.4}{Mesh Adaptation}{chapter.4}% 71
\BOOKMARK [2][-]{subsection.4.4.1}{Error Localization}{section.4.4}% 72
\BOOKMARK [2][-]{subsection.4.4.2}{Mesh Size Field}{section.4.4}% 73
\BOOKMARK [1][-]{section.4.5}{Results}{chapter.4}% 74
\BOOKMARK [2][-]{subsection.4.5.1}{Effectivity Indices for Poisson's Equation}{section.4.5}% 75
\BOOKMARK [2][-]{subsection.4.5.2}{Mesh Adaptation for Poisson's Equation}{section.4.5}% 76
\BOOKMARK [1][-]{section.4.6}{Conclusions and Outlook}{chapter.4}% 77
\BOOKMARK [0][-]{chapter.5}{OUTPUT-BASED ERROR ESTIMATION AND MESH ADAPTATION FOR VARIATIONAL MULTISCALE METHODS}{}% 78
\BOOKMARK [1][-]{section.5.1}{Introduction and Motivation}{chapter.5}% 79
\BOOKMARK [1][-]{section.5.2}{Review of VMS Methods}{chapter.5}% 80
\BOOKMARK [2][-]{subsection.5.2.1}{Model Problem}{section.5.2}% 81
\BOOKMARK [2][-]{subsection.5.2.2}{VMS Formulation}{section.5.2}% 82
\BOOKMARK [2][-]{subsection.5.2.3}{Subgrid Model}{section.5.2}% 83
\BOOKMARK [1][-]{section.5.3}{The Dual Problem}{chapter.5}% 84
\BOOKMARK [2][-]{subsection.5.3.1}{Abstract Problem}{section.5.3}% 85
\BOOKMARK [2][-]{subsection.5.3.2}{VMS Formulation}{section.5.3}% 86
\BOOKMARK [2][-]{subsection.5.3.3}{Subgrid Model}{section.5.3}% 87
\BOOKMARK [1][-]{section.5.4}{Error Estimation}{chapter.5}% 88
\BOOKMARK [2][-]{subsection.5.4.1}{Continuous VMS Error Representations}{section.5.4}% 89
\BOOKMARK [2][-]{subsection.5.4.2}{Subgrid Model Error Representations}{section.5.4}% 90
\BOOKMARK [2][-]{subsection.5.4.3}{Subgrid Model Error Estimates}{section.5.4}% 91
\BOOKMARK [2][-]{subsection.5.4.4}{Error Localization}{section.5.4}% 92
\BOOKMARK [1][-]{section.5.5}{Mesh Adaptation}{chapter.5}% 93
\BOOKMARK [2][-]{subsection.5.5.1}{Size Field Specification}{section.5.5}% 94
\BOOKMARK [1][-]{section.5.6}{Results}{chapter.5}% 95
\BOOKMARK [2][-]{subsection.5.6.1}{One Dimensional Example}{section.5.6}% 96
\BOOKMARK [2][-]{subsection.5.6.2}{A Manufactured Solution}{section.5.6}% 97
\BOOKMARK [2][-]{subsection.5.6.3}{Advection in an L-Shaped Domain}{section.5.6}% 98
\BOOKMARK [1][-]{section.5.7}{Conclusions}{chapter.5}% 99
\BOOKMARK [0][-]{chapter.6}{CONCLUSIONS AND FUTURE WORK}{}% 100
\BOOKMARK [1][-]{section.6.1}{Conclusions}{chapter.6}% 101
\BOOKMARK [1][-]{section.6.2}{Future Work}{chapter.6}% 102
\BOOKMARK [2][-]{subsection.6.2.1}{Higher Order Finite Element Methods}{section.6.2}% 103
\BOOKMARK [2][-]{subsection.6.2.2}{Extending Capabilities to Quasi-Steady/Transient Problems}{section.6.2}% 104
\BOOKMARK [2][-]{subsection.6.2.3}{Extending VMS Techniques for Solid Mechanics}{section.6.2}% 105
\BOOKMARK [0][-]{section*.63}{REFERENCES}{}% 106
\BOOKMARK [0][-]{appendix.A}{FORWARD AUTOMATIC DIFFERENTIATION}{}% 107
\BOOKMARK [1][-]{section.A.1}{Introduction}{appendix.A}% 108
\BOOKMARK [1][-]{section.A.2}{Forward AD with Operator Overloading}{appendix.A}% 109
\BOOKMARK [1][-]{section.A.3}{A Simple Example}{appendix.A}% 110
\BOOKMARK [0][-]{appendix.B}{PROPOSITIONS FOR THE ADVECTION-DIFFUSION OPERATOR}{}% 111
\BOOKMARK [1][-]{section.B.1}{Non-Homogeneous Boundary Conditions}{appendix.B}% 112
\BOOKMARK [1][-]{section.B.2}{Derivation of the Advection-Diffusion Adjoint Operator}{appendix.B}% 113
\BOOKMARK [1][-]{section.B.3}{Propositions Applied to the Advection-Diffusion Operator}{appendix.B}% 114
\BOOKMARK [2][-]{subsection.B.3.1}{Proposition 2}{section.B.3}% 115
\BOOKMARK [2][-]{subsection.B.3.2}{Proposition 4}{section.B.3}% 116
\BOOKMARK [2][-]{subsection.B.3.3}{Proposition 5}{section.B.3}% 117
